<?xml version="1.0" encoding="UTF-8"?>
<!-- Generated by org.testng.reporters.JUnitReportReporter -->
<testsuite skipped="0" hostname="P190493L" name="com.mer.MainClassTestNG" tests="3" failures="0" timestamp="2020-09-11T10:50:58 CDT" time="69.567" errors="0">
  <testcase name="testcase3_Contacts" time="20.560" classname="com.mer.MainClassTestNG"/>
  <testcase name="testcase1_LoginLinks" time="13.630" classname="com.mer.MainClassTestNG"/>
  <testcase name="testcase2_DentalQuote" time="35.377" classname="com.mer.MainClassTestNG"/>
</testsuite> <!-- com.mer.MainClassTestNG -->
